# JRE version: OpenJDK Runtime Environment (11.0.12+7) (build 11.0.12+7-b1504.28-7817840)
# Java VM: OpenJDK 64-Bit Server VM (11.0.12+7-b1504.28-7817840, mixed mode, tiered, compressed oops, g1 gc, windows-amd64)
Heap:
 garbage-first heap   total 196608K, used 33459K [0x0000000080000000, 0x0000000100000000)
  region size 1024K, 12 young (12288K), 2 survivors (2048K)
 Metaspace       used 41266K, capacity 41941K, committed 42060K, reserved 1099776K
  class space    used 5223K, capacity 5447K, committed 5504K, reserved 1048576K
GC Heap History (8 events):
Event: 0.678 GC heap before
{Heap before GC invocations=0 (full 0):
 garbage-first heap   total 196608K, used 26624K [0x0000000080000000, 0x0000000100000000)
  region size 1024K, 24 young (24576K), 0 survivors (0K)
 Metaspace       used 10700K, capacity 10929K, committed 11264K, reserved 1058816K
  class space    used 1127K, capacity 1196K, committed 1280K, reserved 1048576K
}
Event: 0.683 GC heap after
{Heap after GC invocations=1 (full 0):
 garbage-first heap   total 196608K, used 7476K [0x0000000080000000, 0x0000000100000000)
  region size 1024K, 3 young (3072K), 3 survivors (3072K)
 Metaspace       used 10700K, capacity 10929K, committed 11264K, reserved 1058816K
  class space    used 1127K, capacity 1196K, committed 1280K, reserved 1048576K
}
Event: 2.250 GC heap before
{Heap before GC invocations=1 (full 0):
 garbage-first heap   total 196608K, used 76084K [0x0000000080000000, 0x0000000100000000)
  region size 1024K, 71 young (72704K), 3 survivors (3072K)
 Metaspace       used 20732K, capacity 21139K, committed 21248K, reserved 1067008K
  class space    used 2614K, capacity 2743K, committed 2816K, reserved 1048576K
}
Event: 2.281 GC heap after
{Heap after GC invocations=2 (full 0):
 garbage-first heap   total 196608K, used 14735K [0x0000000080000000, 0x0000000100000000)
  region size 1024K, 11 young (11264K), 11 survivors (11264K)
 Metaspace       used 20732K, capacity 21139K, committed 21248K, reserved 1067008K
  class space    used 2614K, capacity 2743K, committed 2816K, reserved 1048576K
}
Event: 2.793 GC heap before
{Heap before GC invocations=3 (full 0):
 garbage-first heap   total 196608K, used 38287K [0x0000000080000000, 0x0000000100000000)
  region size 1024K, 35 young (35840K), 11 survivors (11264K)
 Metaspace       used 24425K, capacity 24901K, committed 25216K, reserved 1071104K
  class space    used 3171K, capacity 3356K, committed 3456K, reserved 1048576K
}
Event: 2.799 GC heap after
{Heap after GC invocations=4 (full 0):
 garbage-first heap   total 196608K, used 16518K [0x0000000080000000, 0x0000000100000000)
  region size 1024K, 2 young (2048K), 2 survivors (2048K)
 Metaspace       used 24425K, capacity 24901K, committed 25216K, reserved 1071104K
  class space    used 3171K, capacity 3356K, committed 3456K, reserved 1048576K
}
Event: 3.611 GC heap before
{Heap before GC invocations=4 (full 0):
 garbage-first heap   total 196608K, used 85126K [0x0000000080000000, 0x0000000100000000)
  region size 1024K, 68 young (69632K), 2 survivors (2048K)
 Metaspace       used 35206K, capacity 35764K, committed 35840K, reserved 1081344K
  class space    used 4388K, capacity 4586K, committed 4608K, reserved 1048576K
}
Event: 3.622 GC heap after
{Heap after GC invocations=5 (full 0):
 garbage-first heap   total 196608K, used 21045K [0x0000000080000000, 0x0000000100000000)
  region size 1024K, 7 young (7168K), 7 survivors (7168K)
 Metaspace       used 35206K, capacity 35764K, committed 35840K, reserved 1081344K
  class space    used 4388K, capacity 4586K, committed 4608K, reserved 1048576K
}

