# JRE version: OpenJDK Runtime Environment (11.0.12+7) (build 11.0.12+7-b1504.28-7817840)
# Java VM: OpenJDK 64-Bit Server VM (11.0.12+7-b1504.28-7817840, mixed mode, tiered, compressed oops, g1 gc, windows-amd64)
Heap:
 garbage-first heap   total 820224K, used 241254K [0x0000000080000000, 0x0000000100000000)
  region size 1024K, 20 young (20480K), 20 survivors (20480K)
 Metaspace       used 127138K, capacity 130528K, committed 131192K, reserved 1163264K
  class space    used 16180K, capacity 17457K, committed 17868K, reserved 1048576K
GC Heap History (20 events):
Event: 81.617 GC heap after
{Heap after GC invocations=69 (full 0):
 garbage-first heap   total 236544K, used 153537K [0x0000000080000000, 0x0000000100000000)
  region size 1024K, 5 young (5120K), 5 survivors (5120K)
 Metaspace       used 125530K, capacity 128826K, committed 129912K, reserved 1161216K
  class space    used 16098K, capacity 17357K, committed 17868K, reserved 1048576K
}
Event: 81.775 GC heap before
{Heap before GC invocations=69 (full 0):
 garbage-first heap   total 236544K, used 188353K [0x0000000080000000, 0x0000000100000000)
  region size 1024K, 39 young (39936K), 5 survivors (5120K)
 Metaspace       used 125861K, capacity 129268K, committed 130168K, reserved 1161216K
  class space    used 16146K, capacity 17418K, committed 17868K, reserved 1048576K
}
Event: 81.780 GC heap after
{Heap after GC invocations=70 (full 0):
 garbage-first heap   total 236544K, used 153503K [0x0000000080000000, 0x0000000100000000)
  region size 1024K, 3 young (3072K), 3 survivors (3072K)
 Metaspace       used 125861K, capacity 129268K, committed 130168K, reserved 1161216K
  class space    used 16146K, capacity 17418K, committed 17868K, reserved 1048576K
}
Event: 81.846 GC heap before
{Heap before GC invocations=70 (full 0):
 garbage-first heap   total 236544K, used 190367K [0x0000000080000000, 0x0000000100000000)
  region size 1024K, 40 young (40960K), 3 survivors (3072K)
 Metaspace       used 125908K, capacity 129268K, committed 130168K, reserved 1161216K
  class space    used 16146K, capacity 17418K, committed 17868K, reserved 1048576K
}
Event: 81.861 GC heap after
{Heap after GC invocations=71 (full 0):
 garbage-first heap   total 284672K, used 159109K [0x0000000080000000, 0x0000000100000000)
  region size 1024K, 5 young (5120K), 5 survivors (5120K)
 Metaspace       used 125908K, capacity 129268K, committed 130168K, reserved 1161216K
  class space    used 16146K, capacity 17418K, committed 17868K, reserved 1048576K
}
Event: 82.120 GC heap before
{Heap before GC invocations=71 (full 0):
 garbage-first heap   total 284672K, used 219525K [0x0000000080000000, 0x0000000100000000)
  region size 1024K, 65 young (66560K), 5 survivors (5120K)
 Metaspace       used 126130K, capacity 129335K, committed 130424K, reserved 1161216K
  class space    used 16099K, capacity 17309K, committed 17868K, reserved 1048576K
}
Event: 82.133 GC heap after
{Heap after GC invocations=72 (full 0):
 garbage-first heap   total 284672K, used 169407K [0x0000000080000000, 0x0000000100000000)
  region size 1024K, 9 young (9216K), 9 survivors (9216K)
 Metaspace       used 126130K, capacity 129335K, committed 130424K, reserved 1161216K
  class space    used 16099K, capacity 17309K, committed 17868K, reserved 1048576K
}
Event: 82.259 GC heap before
{Heap before GC invocations=73 (full 0):
 garbage-first heap   total 284672K, used 223679K [0x0000000080000000, 0x0000000100000000)
  region size 1024K, 63 young (64512K), 9 survivors (9216K)
 Metaspace       used 126337K, capacity 129649K, committed 130680K, reserved 1163264K
  class space    used 16133K, capacity 17392K, committed 17868K, reserved 1048576K
}
Event: 82.273 GC heap after
{Heap after GC invocations=74 (full 0):
 garbage-first heap   total 284672K, used 177427K [0x0000000080000000, 0x0000000100000000)
  region size 1024K, 8 young (8192K), 8 survivors (8192K)
 Metaspace       used 126337K, capacity 129649K, committed 130680K, reserved 1163264K
  class space    used 16133K, capacity 17392K, committed 17868K, reserved 1048576K
}
Event: 82.280 GC heap before
{Heap before GC invocations=74 (full 0):
 garbage-first heap   total 284672K, used 182547K [0x0000000080000000, 0x0000000100000000)
  region size 1024K, 13 young (13312K), 8 survivors (8192K)
 Metaspace       used 126356K, capacity 129678K, committed 130680K, reserved 1163264K
  class space    used 16138K, capacity 17401K, committed 17868K, reserved 1048576K
}
Event: 82.290 GC heap after
{Heap after GC invocations=75 (full 0):
 garbage-first heap   total 284672K, used 171243K [0x0000000080000000, 0x0000000100000000)
  region size 1024K, 2 young (2048K), 2 survivors (2048K)
 Metaspace       used 126356K, capacity 129678K, committed 130680K, reserved 1163264K
  class space    used 16138K, capacity 17401K, committed 17868K, reserved 1048576K
}
Event: 82.383 GC heap before
{Heap before GC invocations=75 (full 0):
 garbage-first heap   total 284672K, used 226539K [0x0000000080000000, 0x0000000100000000)
  region size 1024K, 58 young (59392K), 2 survivors (2048K)
 Metaspace       used 126506K, capacity 129821K, committed 130680K, reserved 1163264K
  class space    used 16154K, capacity 17426K, committed 17868K, reserved 1048576K
}
Event: 82.398 GC heap after
{Heap after GC invocations=76 (full 0):
 garbage-first heap   total 500736K, used 179138K [0x0000000080000000, 0x0000000100000000)
  region size 1024K, 7 young (7168K), 7 survivors (7168K)
 Metaspace       used 126506K, capacity 129821K, committed 130680K, reserved 1163264K
  class space    used 16154K, capacity 17426K, committed 17868K, reserved 1048576K
}
Event: 82.641 GC heap before
{Heap before GC invocations=76 (full 0):
 garbage-first heap   total 500736K, used 321474K [0x0000000080000000, 0x0000000100000000)
  region size 1024K, 147 young (150528K), 7 survivors (7168K)
 Metaspace       used 126752K, capacity 130103K, committed 130936K, reserved 1163264K
  class space    used 16163K, capacity 17432K, committed 17868K, reserved 1048576K
}
Event: 82.656 GC heap after
{Heap after GC invocations=77 (full 0):
 garbage-first heap   total 500736K, used 194401K [0x0000000080000000, 0x0000000100000000)
  region size 1024K, 19 young (19456K), 19 survivors (19456K)
 Metaspace       used 126752K, capacity 130103K, committed 130936K, reserved 1163264K
  class space    used 16163K, capacity 17432K, committed 17868K, reserved 1048576K
}
Event: 82.858 GC heap before
{Heap before GC invocations=77 (full 0):
 garbage-first heap   total 500736K, used 342881K [0x0000000080000000, 0x0000000100000000)
  region size 1024K, 164 young (167936K), 19 survivors (19456K)
 Metaspace       used 126913K, capacity 130200K, committed 130936K, reserved 1163264K
  class space    used 16171K, capacity 17441K, committed 17868K, reserved 1048576K
}
Event: 82.879 GC heap after
{Heap after GC invocations=78 (full 0):
 garbage-first heap   total 500736K, used 206852K [0x0000000080000000, 0x0000000100000000)
  region size 1024K, 17 young (17408K), 17 survivors (17408K)
 Metaspace       used 126913K, capacity 130200K, committed 130936K, reserved 1163264K
  class space    used 16171K, capacity 17441K, committed 17868K, reserved 1048576K
}
Event: 83.058 GC heap before
{Heap before GC invocations=78 (full 0):
 garbage-first heap   total 500736K, used 357380K [0x0000000080000000, 0x0000000100000000)
  region size 1024K, 165 young (168960K), 17 survivors (17408K)
 Metaspace       used 126995K, capacity 130290K, committed 130936K, reserved 1163264K
  class space    used 16174K, capacity 17448K, committed 17868K, reserved 1048576K
}
Event: 83.078 GC heap after
{Heap after GC invocations=79 (full 0):
 garbage-first heap   total 500736K, used 224256K [0x0000000080000000, 0x0000000100000000)
  region size 1024K, 20 young (20480K), 20 survivors (20480K)
 Metaspace       used 126995K, capacity 130290K, committed 130936K, reserved 1163264K
  class space    used 16174K, capacity 17448K, committed 17868K, reserved 1048576K
}
Event: 83.313 GC heap before
{Heap before GC invocations=79 (full 0):
 garbage-first heap   total 500736K, used 374784K [0x0000000080000000, 0x0000000100000000)
  region size 1024K, 167 young (171008K), 20 survivors (20480K)
 Metaspace       used 127138K, capacity 130528K, committed 131192K, reserved 1163264K
  class space    used 16180K, capacity 17457K, committed 17868K, reserved 1048576K
}

