# JRE version: OpenJDK Runtime Environment (11.0.12+7) (build 11.0.12+7-b1504.28-7817840)
# Java VM: OpenJDK 64-Bit Server VM (11.0.12+7-b1504.28-7817840, mixed mode, tiered, compressed oops, g1 gc, windows-amd64)
Heap:
 garbage-first heap   total 337920K, used 149677K [0x0000000080000000, 0x0000000100000000)
  region size 1024K, 2 young (2048K), 2 survivors (2048K)
 Metaspace       used 116418K, capacity 119419K, committed 119724K, reserved 1153024K
  class space    used 14298K, capacity 15235K, committed 15360K, reserved 1048576K
GC Heap History (20 events):
Event: 112.797 GC heap before
{Heap before GC invocations=31 (full 0):
 garbage-first heap   total 236544K, used 196362K [0x0000000080000000, 0x0000000100000000)
  region size 1024K, 70 young (71680K), 3 survivors (3072K)
 Metaspace       used 107457K, capacity 110336K, committed 110636K, reserved 1146880K
  class space    used 13248K, capacity 14137K, committed 14208K, reserved 1048576K
}
Event: 112.810 GC heap after
{Heap after GC invocations=32 (full 0):
 garbage-first heap   total 236544K, used 132521K [0x0000000080000000, 0x0000000100000000)
  region size 1024K, 9 young (9216K), 9 survivors (9216K)
 Metaspace       used 107457K, capacity 110336K, committed 110636K, reserved 1146880K
  class space    used 13248K, capacity 14137K, committed 14208K, reserved 1048576K
}
Event: 112.818 GC heap before
{Heap before GC invocations=32 (full 0):
 garbage-first heap   total 236544K, used 133545K [0x0000000080000000, 0x0000000100000000)
  region size 1024K, 11 young (11264K), 9 survivors (9216K)
 Metaspace       used 107497K, capacity 110403K, committed 110636K, reserved 1146880K
  class space    used 13251K, capacity 14137K, committed 14208K, reserved 1048576K
}
Event: 112.826 GC heap after
{Heap after GC invocations=33 (full 0):
 garbage-first heap   total 236544K, used 126711K [0x0000000080000000, 0x0000000100000000)
  region size 1024K, 2 young (2048K), 2 survivors (2048K)
 Metaspace       used 107497K, capacity 110403K, committed 110636K, reserved 1146880K
  class space    used 13251K, capacity 14137K, committed 14208K, reserved 1048576K
}
Event: 112.976 GC heap before
{Heap before GC invocations=33 (full 0):
 garbage-first heap   total 236544K, used 192247K [0x0000000080000000, 0x0000000100000000)
  region size 1024K, 66 young (67584K), 2 survivors (2048K)
 Metaspace       used 109119K, capacity 112007K, committed 112044K, reserved 1146880K
  class space    used 13439K, capacity 14334K, committed 14336K, reserved 1048576K
}
Event: 112.979 GC heap after
{Heap after GC invocations=34 (full 0):
 garbage-first heap   total 236544K, used 129861K [0x0000000080000000, 0x0000000100000000)
  region size 1024K, 5 young (5120K), 5 survivors (5120K)
 Metaspace       used 109119K, capacity 112007K, committed 112044K, reserved 1146880K
  class space    used 13439K, capacity 14334K, committed 14336K, reserved 1048576K
}
Event: 113.199 GC heap before
{Heap before GC invocations=35 (full 0):
 garbage-first heap   total 236544K, used 196421K [0x0000000080000000, 0x0000000100000000)
  region size 1024K, 67 young (68608K), 5 survivors (5120K)
 Metaspace       used 110323K, capacity 113241K, committed 113580K, reserved 1148928K
  class space    used 13559K, capacity 14466K, committed 14592K, reserved 1048576K
}
Event: 113.206 GC heap after
{Heap after GC invocations=36 (full 0):
 garbage-first heap   total 236544K, used 135873K [0x0000000080000000, 0x0000000100000000)
  region size 1024K, 9 young (9216K), 9 survivors (9216K)
 Metaspace       used 110323K, capacity 113241K, committed 113580K, reserved 1148928K
  class space    used 13559K, capacity 14466K, committed 14592K, reserved 1048576K
}
Event: 113.211 GC heap before
{Heap before GC invocations=36 (full 0):
 garbage-first heap   total 236544K, used 137921K [0x0000000080000000, 0x0000000100000000)
  region size 1024K, 11 young (11264K), 9 survivors (9216K)
 Metaspace       used 110450K, capacity 113369K, committed 113580K, reserved 1148928K
  class space    used 13574K, capacity 14466K, committed 14592K, reserved 1048576K
}
Event: 113.220 GC heap after
{Heap after GC invocations=37 (full 0):
 garbage-first heap   total 236544K, used 130136K [0x0000000080000000, 0x0000000100000000)
  region size 1024K, 2 young (2048K), 2 survivors (2048K)
 Metaspace       used 110450K, capacity 113369K, committed 113580K, reserved 1148928K
  class space    used 13574K, capacity 14466K, committed 14592K, reserved 1048576K
}
Event: 113.351 GC heap before
{Heap before GC invocations=37 (full 0):
 garbage-first heap   total 236544K, used 193624K [0x0000000080000000, 0x0000000100000000)
  region size 1024K, 64 young (65536K), 2 survivors (2048K)
 Metaspace       used 112305K, capacity 115236K, committed 115372K, reserved 1150976K
  class space    used 13862K, capacity 14769K, committed 14848K, reserved 1048576K
}
Event: 113.360 GC heap after
{Heap after GC invocations=38 (full 0):
 garbage-first heap   total 236544K, used 140573K [0x0000000080000000, 0x0000000100000000)
  region size 1024K, 8 young (8192K), 8 survivors (8192K)
 Metaspace       used 112305K, capacity 115236K, committed 115372K, reserved 1150976K
  class space    used 13862K, capacity 14769K, committed 14848K, reserved 1048576K
}
Event: 113.626 GC heap before
{Heap before GC invocations=39 (full 0):
 garbage-first heap   total 236544K, used 191773K [0x0000000080000000, 0x0000000100000000)
  region size 1024K, 59 young (60416K), 8 survivors (8192K)
 Metaspace       used 114084K, capacity 117018K, committed 117164K, reserved 1150976K
  class space    used 14100K, capacity 14998K, committed 15104K, reserved 1048576K
}
Event: 113.637 GC heap after
{Heap after GC invocations=40 (full 0):
 garbage-first heap   total 236544K, used 148567K [0x0000000080000000, 0x0000000100000000)
  region size 1024K, 8 young (8192K), 8 survivors (8192K)
 Metaspace       used 114084K, capacity 117018K, committed 117164K, reserved 1150976K
  class space    used 14100K, capacity 14998K, committed 15104K, reserved 1048576K
}
Event: 113.662 GC heap before
{Heap before GC invocations=40 (full 0):
 garbage-first heap   total 236544K, used 151639K [0x0000000080000000, 0x0000000100000000)
  region size 1024K, 11 young (11264K), 8 survivors (8192K)
 Metaspace       used 114181K, capacity 117133K, committed 117420K, reserved 1150976K
  class space    used 14112K, capacity 15036K, committed 15104K, reserved 1048576K
}
Event: 113.674 GC heap after
{Heap after GC invocations=41 (full 0):
 garbage-first heap   total 236544K, used 145112K [0x0000000080000000, 0x0000000100000000)
  region size 1024K, 2 young (2048K), 2 survivors (2048K)
 Metaspace       used 114181K, capacity 117133K, committed 117420K, reserved 1150976K
  class space    used 14112K, capacity 15036K, committed 15104K, reserved 1048576K
}
Event: 113.869 GC heap before
{Heap before GC invocations=41 (full 0):
 garbage-first heap   total 236544K, used 190168K [0x0000000080000000, 0x0000000100000000)
  region size 1024K, 47 young (48128K), 2 survivors (2048K)
 Metaspace       used 115554K, capacity 118538K, committed 118572K, reserved 1153024K
  class space    used 14255K, capacity 15202K, committed 15232K, reserved 1048576K
}
Event: 113.886 GC heap after
{Heap after GC invocations=42 (full 0):
 garbage-first heap   total 236544K, used 147918K [0x0000000080000000, 0x0000000100000000)
  region size 1024K, 5 young (5120K), 5 survivors (5120K)
 Metaspace       used 115554K, capacity 118538K, committed 118572K, reserved 1153024K
  class space    used 14255K, capacity 15202K, committed 15232K, reserved 1048576K
}
Event: 114.123 GC heap before
{Heap before GC invocations=42 (full 0):
 garbage-first heap   total 236544K, used 192974K [0x0000000080000000, 0x0000000100000000)
  region size 1024K, 49 young (50176K), 5 survivors (5120K)
 Metaspace       used 115983K, capacity 119043K, committed 119212K, reserved 1153024K
  class space    used 14285K, capacity 15241K, committed 15360K, reserved 1048576K
}
Event: 114.137 GC heap after
{Heap after GC invocations=43 (full 0):
 garbage-first heap   total 236544K, used 149533K [0x0000000080000000, 0x0000000100000000)
  region size 1024K, 2 young (2048K), 2 survivors (2048K)
 Metaspace       used 115983K, capacity 119043K, committed 119212K, reserved 1153024K
  class space    used 14285K, capacity 15241K, committed 15360K, reserved 1048576K
}

