# JRE version: OpenJDK Runtime Environment (11.0.12+7) (build 11.0.12+7-b1504.28-7817840)
# Java VM: OpenJDK 64-Bit Server VM (11.0.12+7-b1504.28-7817840, mixed mode, tiered, compressed oops, g1 gc, windows-amd64)
Heap:
 garbage-first heap   total 297984K, used 171110K [0x0000000080000000, 0x0000000100000000)
  region size 1024K, 74 young (75776K), 19 survivors (19456K)
 Metaspace       used 89377K, capacity 91853K, committed 92032K, reserved 1128448K
  class space    used 11650K, capacity 12567K, committed 12672K, reserved 1048576K
GC Heap History (20 events):
Event: 63.581 GC heap before
{Heap before GC invocations=80 (full 0):
 garbage-first heap   total 297984K, used 256247K [0x0000000080000000, 0x0000000100000000)
  region size 1024K, 174 young (178176K), 8 survivors (8192K)
 Metaspace       used 58381K, capacity 60162K, committed 60288K, reserved 1101824K
  class space    used 7444K, capacity 8008K, committed 8064K, reserved 1048576K
}
Event: 63.582 GC heap after
{Heap after GC invocations=81 (full 0):
 garbage-first heap   total 297984K, used 76961K [0x0000000080000000, 0x0000000100000000)
  region size 1024K, 2 young (2048K), 2 survivors (2048K)
 Metaspace       used 58381K, capacity 60162K, committed 60288K, reserved 1101824K
  class space    used 7444K, capacity 8008K, committed 8064K, reserved 1048576K
}
Event: 63.856 GC heap before
{Heap before GC invocations=81 (full 0):
 garbage-first heap   total 297984K, used 254113K [0x0000000080000000, 0x0000000100000000)
  region size 1024K, 174 young (178176K), 2 survivors (2048K)
 Metaspace       used 58382K, capacity 60162K, committed 60288K, reserved 1101824K
  class space    used 7444K, capacity 8008K, committed 8064K, reserved 1048576K
}
Event: 63.857 GC heap after
{Heap after GC invocations=82 (full 0):
 garbage-first heap   total 297984K, used 76702K [0x0000000080000000, 0x0000000100000000)
  region size 1024K, 2 young (2048K), 2 survivors (2048K)
 Metaspace       used 58382K, capacity 60162K, committed 60288K, reserved 1101824K
  class space    used 7444K, capacity 8008K, committed 8064K, reserved 1048576K
}
Event: 64.168 GC heap before
{Heap before GC invocations=82 (full 0):
 garbage-first heap   total 297984K, used 252830K [0x0000000080000000, 0x0000000100000000)
  region size 1024K, 174 young (178176K), 2 survivors (2048K)
 Metaspace       used 58385K, capacity 60163K, committed 60288K, reserved 1101824K
  class space    used 7444K, capacity 8008K, committed 8064K, reserved 1048576K
}
Event: 64.169 GC heap after
{Heap after GC invocations=83 (full 0):
 garbage-first heap   total 297984K, used 75096K [0x0000000080000000, 0x0000000100000000)
  region size 1024K, 1 young (1024K), 1 survivors (1024K)
 Metaspace       used 58385K, capacity 60163K, committed 60288K, reserved 1101824K
  class space    used 7444K, capacity 8008K, committed 8064K, reserved 1048576K
}
Event: 64.462 GC heap before
{Heap before GC invocations=83 (full 0):
 garbage-first heap   total 297984K, used 255320K [0x0000000080000000, 0x0000000100000000)
  region size 1024K, 174 young (178176K), 1 survivors (1024K)
 Metaspace       used 58386K, capacity 60163K, committed 60288K, reserved 1101824K
  class space    used 7444K, capacity 8008K, committed 8064K, reserved 1048576K
}
Event: 64.464 GC heap after
{Heap after GC invocations=84 (full 0):
 garbage-first heap   total 297984K, used 79968K [0x0000000080000000, 0x0000000100000000)
  region size 1024K, 3 young (3072K), 3 survivors (3072K)
 Metaspace       used 58386K, capacity 60163K, committed 60288K, reserved 1101824K
  class space    used 7444K, capacity 8008K, committed 8064K, reserved 1048576K
}
Event: 64.750 GC heap before
{Heap before GC invocations=84 (full 0):
 garbage-first heap   total 297984K, used 255072K [0x0000000080000000, 0x0000000100000000)
  region size 1024K, 174 young (178176K), 3 survivors (3072K)
 Metaspace       used 58386K, capacity 60163K, committed 60288K, reserved 1101824K
  class space    used 7444K, capacity 8008K, committed 8064K, reserved 1048576K
}
Event: 64.753 GC heap after
{Heap after GC invocations=85 (full 0):
 garbage-first heap   total 297984K, used 82449K [0x0000000080000000, 0x0000000100000000)
  region size 1024K, 6 young (6144K), 6 survivors (6144K)
 Metaspace       used 58386K, capacity 60163K, committed 60288K, reserved 1101824K
  class space    used 7444K, capacity 8008K, committed 8064K, reserved 1048576K
}
Event: 65.291 GC heap before
{Heap before GC invocations=85 (full 0):
 garbage-first heap   total 297984K, used 253457K [0x0000000080000000, 0x0000000100000000)
  region size 1024K, 174 young (178176K), 6 survivors (6144K)
 Metaspace       used 58386K, capacity 60163K, committed 60288K, reserved 1101824K
  class space    used 7444K, capacity 8008K, committed 8064K, reserved 1048576K
}
Event: 65.293 GC heap after
{Heap after GC invocations=86 (full 0):
 garbage-first heap   total 297984K, used 75053K [0x0000000080000000, 0x0000000100000000)
  region size 1024K, 1 young (1024K), 1 survivors (1024K)
 Metaspace       used 58386K, capacity 60163K, committed 60288K, reserved 1101824K
  class space    used 7444K, capacity 8008K, committed 8064K, reserved 1048576K
}
Event: 65.588 GC heap before
{Heap before GC invocations=86 (full 0):
 garbage-first heap   total 297984K, used 253229K [0x0000000080000000, 0x0000000100000000)
  region size 1024K, 174 young (178176K), 1 survivors (1024K)
 Metaspace       used 58392K, capacity 60163K, committed 60288K, reserved 1101824K
  class space    used 7444K, capacity 8008K, committed 8064K, reserved 1048576K
}
Event: 65.590 GC heap after
{Heap after GC invocations=87 (full 0):
 garbage-first heap   total 297984K, used 78553K [0x0000000080000000, 0x0000000100000000)
  region size 1024K, 3 young (3072K), 3 survivors (3072K)
 Metaspace       used 58392K, capacity 60163K, committed 60288K, reserved 1101824K
  class space    used 7444K, capacity 8008K, committed 8064K, reserved 1048576K
}
Event: 66.664 GC heap before
{Heap before GC invocations=87 (full 0):
 garbage-first heap   total 297984K, used 230105K [0x0000000080000000, 0x0000000100000000)
  region size 1024K, 145 young (148480K), 3 survivors (3072K)
 Metaspace       used 58468K, capacity 60235K, committed 60288K, reserved 1101824K
  class space    used 7444K, capacity 8011K, committed 8064K, reserved 1048576K
}
Event: 66.669 GC heap after
{Heap after GC invocations=88 (full 0):
 garbage-first heap   total 297984K, used 90061K [0x0000000080000000, 0x0000000100000000)
  region size 1024K, 8 young (8192K), 8 survivors (8192K)
 Metaspace       used 58468K, capacity 60235K, committed 60288K, reserved 1101824K
  class space    used 7444K, capacity 8011K, committed 8064K, reserved 1048576K
}
Event: 69.898 GC heap before
{Heap before GC invocations=89 (full 0):
 garbage-first heap   total 297984K, used 254925K [0x0000000080000000, 0x0000000100000000)
  region size 1024K, 170 young (174080K), 8 survivors (8192K)
 Metaspace       used 74889K, capacity 76919K, committed 77056K, reserved 1116160K
  class space    used 9517K, capacity 10203K, committed 10240K, reserved 1048576K
}
Event: 69.908 GC heap after
{Heap after GC invocations=90 (full 0):
 garbage-first heap   total 297984K, used 96674K [0x0000000080000000, 0x0000000100000000)
  region size 1024K, 15 young (15360K), 15 survivors (15360K)
 Metaspace       used 74889K, capacity 76919K, committed 77056K, reserved 1116160K
  class space    used 9517K, capacity 10203K, committed 10240K, reserved 1048576K
}
Event: 72.326 GC heap before
{Heap before GC invocations=90 (full 0):
 garbage-first heap   total 297984K, used 256418K [0x0000000080000000, 0x0000000100000000)
  region size 1024K, 166 young (169984K), 15 survivors (15360K)
 Metaspace       used 85719K, capacity 87993K, committed 88320K, reserved 1126400K
  class space    used 11130K, capacity 11956K, committed 12032K, reserved 1048576K
}
Event: 72.340 GC heap after
{Heap after GC invocations=91 (full 0):
 garbage-first heap   total 297984K, used 106598K [0x0000000080000000, 0x0000000100000000)
  region size 1024K, 19 young (19456K), 19 survivors (19456K)
 Metaspace       used 85719K, capacity 87993K, committed 88320K, reserved 1126400K
  class space    used 11130K, capacity 11956K, committed 12032K, reserved 1048576K
}

