# JRE version: OpenJDK Runtime Environment (11.0.10) (build 11.0.10+0-b96-7249189)
# Java VM: OpenJDK 64-Bit Server VM (11.0.10+0-b96-7249189, mixed mode, tiered, compressed oops, g1 gc, windows-amd64)
Heap:
 garbage-first heap   total 732160K, used 228102K [0x0000000080000000, 0x0000000100000000)
  region size 1024K, 20 young (20480K), 20 survivors (20480K)
 Metaspace       used 122507K, capacity 125710K, committed 126336K, reserved 1159168K
  class space    used 15508K, capacity 16760K, committed 17100K, reserved 1048576K
GC Heap History (20 events):
Event: 57.372 GC heap after
{Heap after GC invocations=46 (full 0):
 garbage-first heap   total 236544K, used 166318K [0x0000000080000000, 0x0000000100000000)
  region size 1024K, 6 young (6144K), 6 survivors (6144K)
 Metaspace       used 121187K, capacity 124272K, committed 125312K, reserved 1157120K
  class space    used 15424K, capacity 16622K, committed 17100K, reserved 1048576K
}
Event: 57.386 GC heap before
{Heap before GC invocations=46 (full 0):
 garbage-first heap   total 236544K, used 171438K [0x0000000080000000, 0x0000000100000000)
  region size 1024K, 11 young (11264K), 6 survivors (6144K)
 Metaspace       used 121232K, capacity 124339K, committed 125312K, reserved 1157120K
  class space    used 15429K, capacity 16623K, committed 17100K, reserved 1048576K
}
Event: 57.397 GC heap after
{Heap after GC invocations=47 (full 0):
 garbage-first heap   total 236544K, used 164241K [0x0000000080000000, 0x0000000100000000)
  region size 1024K, 2 young (2048K), 2 survivors (2048K)
 Metaspace       used 121232K, capacity 124339K, committed 125312K, reserved 1157120K
  class space    used 15429K, capacity 16623K, committed 17100K, reserved 1048576K
}
Event: 57.493 GC heap before
{Heap before GC invocations=47 (full 0):
 garbage-first heap   total 236544K, used 197009K [0x0000000080000000, 0x0000000100000000)
  region size 1024K, 35 young (35840K), 2 survivors (2048K)
 Metaspace       used 121276K, capacity 124363K, committed 125312K, reserved 1157120K
  class space    used 15436K, capacity 16631K, committed 17100K, reserved 1048576K
}
Event: 57.514 GC heap after
{Heap after GC invocations=48 (full 0):
 garbage-first heap   total 301056K, used 168653K [0x0000000080000000, 0x0000000100000000)
  region size 1024K, 5 young (5120K), 5 survivors (5120K)
 Metaspace       used 121276K, capacity 124363K, committed 125312K, reserved 1157120K
  class space    used 15436K, capacity 16631K, committed 17100K, reserved 1048576K
}
Event: 57.812 GC heap before
{Heap before GC invocations=48 (full 0):
 garbage-first heap   total 301056K, used 229069K [0x0000000080000000, 0x0000000100000000)
  region size 1024K, 65 young (66560K), 5 survivors (5120K)
 Metaspace       used 121543K, capacity 124778K, committed 125568K, reserved 1157120K
  class space    used 15481K, capacity 16731K, committed 17100K, reserved 1048576K
}
Event: 57.824 GC heap after
{Heap after GC invocations=49 (full 0):
 garbage-first heap   total 301056K, used 174246K [0x0000000080000000, 0x0000000100000000)
  region size 1024K, 9 young (9216K), 9 survivors (9216K)
 Metaspace       used 121543K, capacity 124778K, committed 125568K, reserved 1157120K
  class space    used 15481K, capacity 16731K, committed 17100K, reserved 1048576K
}
Event: 58.028 GC heap before
{Heap before GC invocations=50 (full 0):
 garbage-first heap   total 301056K, used 235686K [0x0000000080000000, 0x0000000100000000)
  region size 1024K, 71 young (72704K), 9 survivors (9216K)
 Metaspace       used 121653K, capacity 124876K, committed 125568K, reserved 1157120K
  class space    used 15485K, capacity 16738K, committed 17100K, reserved 1048576K
}
Event: 58.042 GC heap after
{Heap after GC invocations=51 (full 0):
 garbage-first heap   total 301056K, used 178052K [0x0000000080000000, 0x0000000100000000)
  region size 1024K, 5 young (5120K), 5 survivors (5120K)
 Metaspace       used 121653K, capacity 124876K, committed 125568K, reserved 1157120K
  class space    used 15485K, capacity 16738K, committed 17100K, reserved 1048576K
}
Event: 58.071 GC heap before
{Heap before GC invocations=51 (full 0):
 garbage-first heap   total 301056K, used 186244K [0x0000000080000000, 0x0000000100000000)
  region size 1024K, 14 young (14336K), 5 survivors (5120K)
 Metaspace       used 121655K, capacity 124876K, committed 125568K, reserved 1157120K
  class space    used 15485K, capacity 16738K, committed 17100K, reserved 1048576K
}
Event: 58.084 GC heap after
{Heap after GC invocations=52 (full 0):
 garbage-first heap   total 301056K, used 168864K [0x0000000080000000, 0x0000000100000000)
  region size 1024K, 2 young (2048K), 2 survivors (2048K)
 Metaspace       used 121655K, capacity 124876K, committed 125568K, reserved 1157120K
  class space    used 15485K, capacity 16738K, committed 17100K, reserved 1048576K
}
Event: 58.244 GC heap before
{Heap before GC invocations=52 (full 0):
 garbage-first heap   total 301056K, used 233376K [0x0000000080000000, 0x0000000100000000)
  region size 1024K, 66 young (67584K), 2 survivors (2048K)
 Metaspace       used 121807K, capacity 125035K, committed 125824K, reserved 1159168K
  class space    used 15491K, capacity 16743K, committed 17100K, reserved 1048576K
}
Event: 58.259 GC heap after
{Heap after GC invocations=53 (full 0):
 garbage-first heap   total 524288K, used 174911K [0x0000000080000000, 0x0000000100000000)
  region size 1024K, 8 young (8192K), 8 survivors (8192K)
 Metaspace       used 121807K, capacity 125035K, committed 125824K, reserved 1159168K
  class space    used 15491K, capacity 16743K, committed 17100K, reserved 1048576K
}
Event: 58.719 GC heap before
{Heap before GC invocations=54 (full 0):
 garbage-first heap   total 524288K, used 322367K [0x0000000080000000, 0x0000000100000000)
  region size 1024K, 153 young (156672K), 8 survivors (8192K)
 Metaspace       used 122238K, capacity 125455K, committed 126080K, reserved 1159168K
  class space    used 15497K, capacity 16749K, committed 17100K, reserved 1048576K
}
Event: 58.736 GC heap after
{Heap after GC invocations=55 (full 0):
 garbage-first heap   total 524288K, used 197860K [0x0000000080000000, 0x0000000100000000)
  region size 1024K, 20 young (20480K), 20 survivors (20480K)
 Metaspace       used 122238K, capacity 125455K, committed 126080K, reserved 1159168K
  class space    used 15497K, capacity 16749K, committed 17100K, reserved 1048576K
}
Event: 58.748 GC heap before
{Heap before GC invocations=55 (full 0):
 garbage-first heap   total 524288K, used 202980K [0x0000000080000000, 0x0000000100000000)
  region size 1024K, 25 young (25600K), 20 survivors (20480K)
 Metaspace       used 122249K, capacity 125455K, committed 126080K, reserved 1159168K
  class space    used 15497K, capacity 16749K, committed 17100K, reserved 1048576K
}
Event: 58.762 GC heap after
{Heap after GC invocations=56 (full 0):
 garbage-first heap   total 524288K, used 190364K [0x0000000080000000, 0x0000000100000000)
  region size 1024K, 3 young (3072K), 3 survivors (3072K)
 Metaspace       used 122249K, capacity 125455K, committed 126080K, reserved 1159168K
  class space    used 15497K, capacity 16749K, committed 17100K, reserved 1048576K
}
Event: 59.024 GC heap before
{Heap before GC invocations=56 (full 0):
 garbage-first heap   total 524288K, used 344988K [0x0000000080000000, 0x0000000100000000)
  region size 1024K, 155 young (158720K), 3 survivors (3072K)
 Metaspace       used 122383K, capacity 125597K, committed 126336K, reserved 1159168K
  class space    used 15503K, capacity 16750K, committed 17100K, reserved 1048576K
}
Event: 59.043 GC heap after
{Heap after GC invocations=57 (full 0):
 garbage-first heap   total 524288K, used 209272K [0x0000000080000000, 0x0000000100000000)
  region size 1024K, 20 young (20480K), 20 survivors (20480K)
 Metaspace       used 122383K, capacity 125597K, committed 126336K, reserved 1159168K
  class space    used 15503K, capacity 16750K, committed 17100K, reserved 1048576K
}
Event: 59.287 GC heap before
{Heap before GC invocations=57 (full 0):
 garbage-first heap   total 524288K, used 370040K [0x0000000080000000, 0x0000000100000000)
  region size 1024K, 177 young (181248K), 20 survivors (20480K)
 Metaspace       used 122507K, capacity 125710K, committed 126336K, reserved 1159168K
  class space    used 15508K, capacity 16760K, committed 17100K, reserved 1048576K
}

