# JRE version: OpenJDK Runtime Environment (11.0.10) (build 11.0.10+0-b96-7249189)
# Java VM: OpenJDK 64-Bit Server VM (11.0.10+0-b96-7249189, mixed mode, tiered, compressed oops, g1 gc, windows-amd64)
Heap:
 garbage-first heap   total 196608K, used 107372K [0x0000000080000000, 0x0000000100000000)
  region size 1024K, 34 young (34816K), 5 survivors (5120K)
 Metaspace       used 68254K, capacity 70055K, committed 70400K, reserved 1110016K
  class space    used 8739K, capacity 9335K, committed 9472K, reserved 1048576K
GC Heap History (18 events):
Event: 1.677 GC heap before
{Heap before GC invocations=0 (full 0):
 garbage-first heap   total 196608K, used 29696K [0x0000000080000000, 0x0000000100000000)
  region size 1024K, 24 young (24576K), 0 survivors (0K)
 Metaspace       used 10230K, capacity 10435K, committed 10624K, reserved 1058816K
  class space    used 1065K, capacity 1141K, committed 1152K, reserved 1048576K
}
Event: 1.752 GC heap after
{Heap after GC invocations=1 (full 0):
 garbage-first heap   total 196608K, used 9156K [0x0000000080000000, 0x0000000100000000)
  region size 1024K, 3 young (3072K), 3 survivors (3072K)
 Metaspace       used 10230K, capacity 10435K, committed 10624K, reserved 1058816K
  class space    used 1065K, capacity 1141K, committed 1152K, reserved 1048576K
}
Event: 4.237 GC heap before
{Heap before GC invocations=1 (full 0):
 garbage-first heap   total 196608K, used 103364K [0x0000000080000000, 0x0000000100000000)
  region size 1024K, 96 young (98304K), 3 survivors (3072K)
 Metaspace       used 20577K, capacity 21103K, committed 21248K, reserved 1067008K
  class space    used 2517K, capacity 2701K, committed 2816K, reserved 1048576K
}
Event: 4.252 GC heap after
{Heap after GC invocations=2 (full 0):
 garbage-first heap   total 196608K, used 16566K [0x0000000080000000, 0x0000000100000000)
  region size 1024K, 11 young (11264K), 11 survivors (11264K)
 Metaspace       used 20577K, capacity 21103K, committed 21248K, reserved 1067008K
  class space    used 2517K, capacity 2701K, committed 2816K, reserved 1048576K
}
Event: 5.278 GC heap before
{Heap before GC invocations=3 (full 0):
 garbage-first heap   total 196608K, used 84150K [0x0000000080000000, 0x0000000100000000)
  region size 1024K, 67 young (68608K), 11 survivors (11264K)
 Metaspace       used 26210K, capacity 26929K, committed 27008K, reserved 1073152K
  class space    used 3439K, capacity 3698K, committed 3712K, reserved 1048576K
}
Event: 5.288 GC heap after
{Heap after GC invocations=4 (full 0):
 garbage-first heap   total 196608K, used 32301K [0x0000000080000000, 0x0000000100000000)
  region size 1024K, 6 young (6144K), 6 survivors (6144K)
 Metaspace       used 26210K, capacity 26929K, committed 27008K, reserved 1073152K
  class space    used 3439K, capacity 3698K, committed 3712K, reserved 1048576K
}
Event: 6.385 GC heap before
{Heap before GC invocations=4 (full 0):
 garbage-first heap   total 196608K, used 90669K [0x0000000080000000, 0x0000000100000000)
  region size 1024K, 64 young (65536K), 6 survivors (6144K)
 Metaspace       used 34819K, capacity 35717K, committed 35840K, reserved 1081344K
  class space    used 4562K, capacity 4894K, committed 4992K, reserved 1048576K
}
Event: 6.397 GC heap after
{Heap after GC invocations=5 (full 0):
 garbage-first heap   total 196608K, used 35276K [0x0000000080000000, 0x0000000100000000)
  region size 1024K, 9 young (9216K), 9 survivors (9216K)
 Metaspace       used 34819K, capacity 35717K, committed 35840K, reserved 1081344K
  class space    used 4562K, capacity 4894K, committed 4992K, reserved 1048576K
}
Event: 8.151 GC heap before
{Heap before GC invocations=6 (full 0):
 garbage-first heap   total 196608K, used 146892K [0x0000000080000000, 0x0000000100000000)
  region size 1024K, 107 young (109568K), 9 survivors (9216K)
 Metaspace       used 43841K, capacity 45063K, committed 45184K, reserved 1089536K
  class space    used 5516K, capacity 5975K, committed 6016K, reserved 1048576K
}
Event: 8.163 GC heap after
{Heap after GC invocations=7 (full 0):
 garbage-first heap   total 196608K, used 51655K [0x0000000080000000, 0x0000000100000000)
  region size 1024K, 12 young (12288K), 12 survivors (12288K)
 Metaspace       used 43841K, capacity 45063K, committed 45184K, reserved 1089536K
  class space    used 5516K, capacity 5975K, committed 6016K, reserved 1048576K
}
Event: 9.316 GC heap before
{Heap before GC invocations=7 (full 0):
 garbage-first heap   total 196608K, used 147911K [0x0000000080000000, 0x0000000100000000)
  region size 1024K, 106 young (108544K), 12 survivors (12288K)
 Metaspace       used 49263K, capacity 50668K, committed 50816K, reserved 1093632K
  class space    used 6310K, capacity 6773K, committed 6784K, reserved 1048576K
}
Event: 9.327 GC heap after
{Heap after GC invocations=8 (full 0):
 garbage-first heap   total 196608K, used 56652K [0x0000000080000000, 0x0000000100000000)
  region size 1024K, 6 young (6144K), 6 survivors (6144K)
 Metaspace       used 49263K, capacity 50668K, committed 50816K, reserved 1093632K
  class space    used 6310K, capacity 6773K, committed 6784K, reserved 1048576K
}
Event: 10.805 GC heap before
{Heap before GC invocations=8 (full 0):
 garbage-first heap   total 196608K, used 159052K [0x0000000080000000, 0x0000000100000000)
  region size 1024K, 99 young (101376K), 6 survivors (6144K)
 Metaspace       used 56894K, capacity 58590K, committed 58880K, reserved 1099776K
  class space    used 7338K, capacity 7891K, committed 7936K, reserved 1048576K
}
Event: 10.816 GC heap after
{Heap after GC invocations=9 (full 0):
 garbage-first heap   total 196608K, used 75105K [0x0000000080000000, 0x0000000100000000)
  region size 1024K, 13 young (13312K), 13 survivors (13312K)
 Metaspace       used 56894K, capacity 58590K, committed 58880K, reserved 1099776K
  class space    used 7338K, capacity 7891K, committed 7936K, reserved 1048576K
}
Event: 10.948 GC heap before
{Heap before GC invocations=9 (full 0):
 garbage-first heap   total 196608K, used 85345K [0x0000000080000000, 0x0000000100000000)
  region size 1024K, 24 young (24576K), 13 survivors (13312K)
 Metaspace       used 58424K, capacity 60029K, committed 60160K, reserved 1101824K
  class space    used 7528K, capacity 8093K, committed 8192K, reserved 1048576K
}
Event: 10.964 GC heap after
{Heap after GC invocations=10 (full 0):
 garbage-first heap   total 196608K, used 77072K [0x0000000080000000, 0x0000000100000000)
  region size 1024K, 2 young (2048K), 2 survivors (2048K)
 Metaspace       used 58424K, capacity 60029K, committed 60160K, reserved 1101824K
  class space    used 7528K, capacity 8093K, committed 8192K, reserved 1048576K
}
Event: 11.625 GC heap before
{Heap before GC invocations=11 (full 0):
 garbage-first heap   total 196608K, used 126224K [0x0000000080000000, 0x0000000100000000)
  region size 1024K, 50 young (51200K), 2 survivors (2048K)
 Metaspace       used 65788K, capacity 67639K, committed 67840K, reserved 1107968K
  class space    used 8442K, capacity 9092K, committed 9216K, reserved 1048576K
}
Event: 11.633 GC heap after
{Heap after GC invocations=12 (full 0):
 garbage-first heap   total 196608K, used 79724K [0x0000000080000000, 0x0000000100000000)
  region size 1024K, 5 young (5120K), 5 survivors (5120K)
 Metaspace       used 65788K, capacity 67639K, committed 67840K, reserved 1107968K
  class space    used 8442K, capacity 9092K, committed 9216K, reserved 1048576K
}

