# JRE version: OpenJDK Runtime Environment (11.0.12+7) (build 11.0.12+7-b1504.28-7817840)
# Java VM: OpenJDK 64-Bit Server VM (11.0.12+7-b1504.28-7817840, mixed mode, tiered, compressed oops, g1 gc, windows-amd64)
Heap:
 garbage-first heap   total 196608K, used 60469K [0x0000000080000000, 0x0000000100000000)
  region size 1024K, 28 young (28672K), 13 survivors (13312K)
 Metaspace       used 55086K, capacity 56377K, committed 56576K, reserved 1099776K
  class space    used 6726K, capacity 7089K, committed 7168K, reserved 1048576K
GC Heap History (20 events):
Event: 1.884 GC heap before
{Heap before GC invocations=1 (full 0):
 garbage-first heap   total 196608K, used 76048K [0x0000000080000000, 0x0000000100000000)
  region size 1024K, 72 young (73728K), 3 survivors (3072K)
 Metaspace       used 20734K, capacity 21140K, committed 21248K, reserved 1067008K
  class space    used 2606K, capacity 2755K, committed 2816K, reserved 1048576K
}
Event: 1.901 GC heap after
{Heap after GC invocations=2 (full 0):
 garbage-first heap   total 196608K, used 14820K [0x0000000080000000, 0x0000000100000000)
  region size 1024K, 11 young (11264K), 11 survivors (11264K)
 Metaspace       used 20734K, capacity 21140K, committed 21248K, reserved 1067008K
  class space    used 2606K, capacity 2755K, committed 2816K, reserved 1048576K
}
Event: 8.169 GC heap before
{Heap before GC invocations=3 (full 0):
 garbage-first heap   total 196608K, used 69092K [0x0000000080000000, 0x0000000100000000)
  region size 1024K, 55 young (56320K), 11 survivors (11264K)
 Metaspace       used 27593K, capacity 28199K, committed 28416K, reserved 1073152K
  class space    used 3515K, capacity 3758K, committed 3840K, reserved 1048576K
}
Event: 8.183 GC heap after
{Heap after GC invocations=4 (full 0):
 garbage-first heap   total 196608K, used 29697K [0x0000000080000000, 0x0000000100000000)
  region size 1024K, 5 young (5120K), 5 survivors (5120K)
 Metaspace       used 27593K, capacity 28199K, committed 28416K, reserved 1073152K
  class space    used 3515K, capacity 3758K, committed 3840K, reserved 1048576K
}
Event: 9.012 GC heap before
{Heap before GC invocations=4 (full 0):
 garbage-first heap   total 196608K, used 69633K [0x0000000080000000, 0x0000000100000000)
  region size 1024K, 43 young (44032K), 5 survivors (5120K)
 Metaspace       used 35103K, capacity 35737K, committed 35840K, reserved 1081344K
  class space    used 4249K, capacity 4520K, committed 4608K, reserved 1048576K
}
Event: 9.032 GC heap after
{Heap after GC invocations=5 (full 0):
 garbage-first heap   total 196608K, used 33174K [0x0000000080000000, 0x0000000100000000)
  region size 1024K, 9 young (9216K), 9 survivors (9216K)
 Metaspace       used 35103K, capacity 35737K, committed 35840K, reserved 1081344K
  class space    used 4249K, capacity 4520K, committed 4608K, reserved 1048576K
}
Event: 9.821 GC heap before
{Heap before GC invocations=6 (full 0):
 garbage-first heap   total 196608K, used 114070K [0x0000000080000000, 0x0000000100000000)
  region size 1024K, 88 young (90112K), 9 survivors (9216K)
 Metaspace       used 38686K, capacity 39397K, committed 39424K, reserved 1083392K
  class space    used 4837K, capacity 5098K, committed 5120K, reserved 1048576K
}
Event: 9.839 GC heap after
{Heap after GC invocations=7 (full 0):
 garbage-first heap   total 196608K, used 35744K [0x0000000080000000, 0x0000000100000000)
  region size 1024K, 7 young (7168K), 7 survivors (7168K)
 Metaspace       used 38686K, capacity 39397K, committed 39424K, reserved 1083392K
  class space    used 4837K, capacity 5098K, committed 5120K, reserved 1048576K
}
Event: 10.095 GC heap before
{Heap before GC invocations=7 (full 0):
 garbage-first heap   total 196608K, used 138144K [0x0000000080000000, 0x0000000100000000)
  region size 1024K, 107 young (109568K), 7 survivors (7168K)
 Metaspace       used 38686K, capacity 39397K, committed 39424K, reserved 1083392K
  class space    used 4837K, capacity 5098K, committed 5120K, reserved 1048576K
}
Event: 10.118 GC heap after
{Heap after GC invocations=8 (full 0):
 garbage-first heap   total 196608K, used 37845K [0x0000000080000000, 0x0000000100000000)
  region size 1024K, 9 young (9216K), 9 survivors (9216K)
 Metaspace       used 38686K, capacity 39397K, committed 39424K, reserved 1083392K
  class space    used 4837K, capacity 5098K, committed 5120K, reserved 1048576K
}
Event: 11.959 GC heap before
{Heap before GC invocations=8 (full 0):
 garbage-first heap   total 196608K, used 146389K [0x0000000080000000, 0x0000000100000000)
  region size 1024K, 115 young (117760K), 9 survivors (9216K)
 Metaspace       used 39237K, capacity 39951K, committed 40064K, reserved 1083392K
  class space    used 4883K, capacity 5151K, committed 5248K, reserved 1048576K
}
Event: 11.971 GC heap after
{Heap after GC invocations=9 (full 0):
 garbage-first heap   total 196608K, used 35275K [0x0000000080000000, 0x0000000100000000)
  region size 1024K, 3 young (3072K), 3 survivors (3072K)
 Metaspace       used 39237K, capacity 39951K, committed 40064K, reserved 1083392K
  class space    used 4883K, capacity 5151K, committed 5248K, reserved 1048576K
}
Event: 12.423 GC heap before
{Heap before GC invocations=9 (full 0):
 garbage-first heap   total 196608K, used 149963K [0x0000000080000000, 0x0000000100000000)
  region size 1024K, 115 young (117760K), 3 survivors (3072K)
 Metaspace       used 39237K, capacity 39951K, committed 40064K, reserved 1083392K
  class space    used 4883K, capacity 5151K, committed 5248K, reserved 1048576K
}
Event: 12.434 GC heap after
{Heap after GC invocations=10 (full 0):
 garbage-first heap   total 196608K, used 37686K [0x0000000080000000, 0x0000000100000000)
  region size 1024K, 5 young (5120K), 5 survivors (5120K)
 Metaspace       used 39237K, capacity 39951K, committed 40064K, reserved 1083392K
  class space    used 4883K, capacity 5151K, committed 5248K, reserved 1048576K
}
Event: 12.759 GC heap before
{Heap before GC invocations=10 (full 0):
 garbage-first heap   total 196608K, used 150326K [0x0000000080000000, 0x0000000100000000)
  region size 1024K, 115 young (117760K), 5 survivors (5120K)
 Metaspace       used 39246K, capacity 39951K, committed 40064K, reserved 1083392K
  class space    used 4883K, capacity 5151K, committed 5248K, reserved 1048576K
}
Event: 12.765 GC heap after
{Heap after GC invocations=11 (full 0):
 garbage-first heap   total 196608K, used 35780K [0x0000000080000000, 0x0000000100000000)
  region size 1024K, 3 young (3072K), 3 survivors (3072K)
 Metaspace       used 39246K, capacity 39951K, committed 40064K, reserved 1083392K
  class space    used 4883K, capacity 5151K, committed 5248K, reserved 1048576K
}
Event: 14.227 GC heap before
{Heap before GC invocations=11 (full 0):
 garbage-first heap   total 196608K, used 150468K [0x0000000080000000, 0x0000000100000000)
  region size 1024K, 115 young (117760K), 3 survivors (3072K)
 Metaspace       used 44917K, capacity 45976K, committed 46208K, reserved 1089536K
  class space    used 5622K, capacity 5938K, committed 6016K, reserved 1048576K
}
Event: 14.237 GC heap after
{Heap after GC invocations=12 (full 0):
 garbage-first heap   total 196608K, used 39927K [0x0000000080000000, 0x0000000100000000)
  region size 1024K, 7 young (7168K), 7 survivors (7168K)
 Metaspace       used 44917K, capacity 45976K, committed 46208K, reserved 1089536K
  class space    used 5622K, capacity 5938K, committed 6016K, reserved 1048576K
}
Event: 19.720 GC heap before
{Heap before GC invocations=12 (full 0):
 garbage-first heap   total 196608K, used 149495K [0x0000000080000000, 0x0000000100000000)
  region size 1024K, 115 young (117760K), 7 survivors (7168K)
 Metaspace       used 54864K, capacity 56185K, committed 56320K, reserved 1097728K
  class space    used 6721K, capacity 7089K, committed 7168K, reserved 1048576K
}
Event: 19.739 GC heap after
{Heap after GC invocations=13 (full 0):
 garbage-first heap   total 196608K, used 46133K [0x0000000080000000, 0x0000000100000000)
  region size 1024K, 13 young (13312K), 13 survivors (13312K)
 Metaspace       used 54864K, capacity 56185K, committed 56320K, reserved 1097728K
  class space    used 6721K, capacity 7089K, committed 7168K, reserved 1048576K
}

